<?xml version="1.0" encoding="UTF-8"?>
<testng-results skipped="0" failed="3" ignored="0" total="18" passed="15">
  <reporter-output>
  </reporter-output>
  <suite name="Surefire suite" duration-ms="351717" started-at="2022-07-23T01:25:38 EET" finished-at="2022-07-23T01:31:30 EET">
    <groups>
      <group name="cucumber">
        <method signature="AbstractTestNGCucumberTests.runScenario(io.cucumber.testng.PickleWrapper, io.cucumber.testng.FeatureWrapper)[pri:0, instance:org.example.testRunner.runners@2ac273d3]" name="runScenario" class="io.cucumber.testng.AbstractTestNGCucumberTests"/>
      </group> <!-- cucumber -->
    </groups>
    <test name="Surefire test" duration-ms="351717" started-at="2022-07-23T01:25:38 EET" finished-at="2022-07-23T01:31:30 EET">
      <class name="org.example.testRunner.runners">
        <test-method status="PASS" signature="setUpClass()[pri:0, instance:org.example.testRunner.runners@2ac273d3]" name="setUpClass" is-config="true" duration-ms="415" started-at="2022-07-23T01:25:39 EET" finished-at="2022-07-23T01:25:39 EET">
          <reporter-output>
          </reporter-output>
        </test-method> <!-- setUpClass -->
        <test-method status="PASS" signature="runScenario(io.cucumber.testng.PickleWrapper, io.cucumber.testng.FeatureWrapper)[pri:0, instance:org.example.testRunner.runners@2ac273d3]" name="runScenario" duration-ms="26948" started-at="2022-07-23T01:25:39 EET" description="Runs Cucumber Scenarios" data-provider="scenarios" finished-at="2022-07-23T01:26:06 EET">
          <params>
            <param index="0">
              <value>
                <![CDATA["guest user could register with valid data successfully"]]>
              </value>
            </param>
            <param index="1">
              <value>
                <![CDATA["Optional[F01_Register | users could register with new accounts]"]]>
              </value>
            </param>
          </params>
          <reporter-output>
          </reporter-output>
        </test-method> <!-- runScenario -->
        <test-method status="PASS" signature="runScenario(io.cucumber.testng.PickleWrapper, io.cucumber.testng.FeatureWrapper)[pri:0, instance:org.example.testRunner.runners@2ac273d3]" name="runScenario" duration-ms="17644" started-at="2022-07-23T01:26:06 EET" description="Runs Cucumber Scenarios" data-provider="scenarios" finished-at="2022-07-23T01:26:24 EET">
          <params>
            <param index="0">
              <value>
                <![CDATA["user could login with valid email and password"]]>
              </value>
            </param>
            <param index="1">
              <value>
                <![CDATA["Optional[F02_Login | users could use login functionality to use their accounts]"]]>
              </value>
            </param>
          </params>
          <reporter-output>
          </reporter-output>
        </test-method> <!-- runScenario -->
        <test-method status="PASS" signature="runScenario(io.cucumber.testng.PickleWrapper, io.cucumber.testng.FeatureWrapper)[pri:0, instance:org.example.testRunner.runners@2ac273d3]" name="runScenario" duration-ms="18120" started-at="2022-07-23T01:26:24 EET" description="Runs Cucumber Scenarios" data-provider="scenarios" finished-at="2022-07-23T01:26:42 EET">
          <params>
            <param index="0">
              <value>
                <![CDATA["user could login with invalid email and password"]]>
              </value>
            </param>
            <param index="1">
              <value>
                <![CDATA["Optional[F02_Login | users could use login functionality to use their accounts]"]]>
              </value>
            </param>
          </params>
          <reporter-output>
          </reporter-output>
        </test-method> <!-- runScenario -->
        <test-method status="PASS" signature="runScenario(io.cucumber.testng.PickleWrapper, io.cucumber.testng.FeatureWrapper)[pri:0, instance:org.example.testRunner.runners@2ac273d3]" name="runScenario" duration-ms="15398" started-at="2022-07-23T01:26:42 EET" description="Runs Cucumber Scenarios" data-provider="scenarios" finished-at="2022-07-23T01:26:57 EET">
          <params>
            <param index="0">
              <value>
                <![CDATA["Logged User could switch between currencies US-Euro"]]>
              </value>
            </param>
            <param index="1">
              <value>
                <![CDATA["Optional[F03_Currencies | User could switch between currencies US-Euro]"]]>
              </value>
            </param>
          </params>
          <reporter-output>
          </reporter-output>
        </test-method> <!-- runScenario -->
        <test-method status="PASS" signature="runScenario(io.cucumber.testng.PickleWrapper, io.cucumber.testng.FeatureWrapper)[pri:0, instance:org.example.testRunner.runners@2ac273d3]" name="runScenario" duration-ms="15059" started-at="2022-07-23T01:26:57 EET" description="Runs Cucumber Scenarios" data-provider="scenarios" finished-at="2022-07-23T01:27:12 EET">
          <params>
            <param index="0">
              <value>
                <![CDATA["user could search using product name"]]>
              </value>
            </param>
            <param index="1">
              <value>
                <![CDATA["Optional[Search |  User could search for any product]"]]>
              </value>
            </param>
          </params>
          <reporter-output>
          </reporter-output>
        </test-method> <!-- runScenario -->
        <test-method status="PASS" signature="runScenario(io.cucumber.testng.PickleWrapper, io.cucumber.testng.FeatureWrapper)[pri:0, instance:org.example.testRunner.runners@2ac273d3]" name="runScenario" duration-ms="15193" started-at="2022-07-23T01:27:12 EET" description="Runs Cucumber Scenarios" data-provider="scenarios" finished-at="2022-07-23T01:27:27 EET">
          <params>
            <param index="0">
              <value>
                <![CDATA["user could search using product name"]]>
              </value>
            </param>
            <param index="1">
              <value>
                <![CDATA["Optional[Search |  User could search for any product]"]]>
              </value>
            </param>
          </params>
          <reporter-output>
          </reporter-output>
        </test-method> <!-- runScenario -->
        <test-method status="PASS" signature="runScenario(io.cucumber.testng.PickleWrapper, io.cucumber.testng.FeatureWrapper)[pri:0, instance:org.example.testRunner.runners@2ac273d3]" name="runScenario" duration-ms="15041" started-at="2022-07-23T01:27:27 EET" description="Runs Cucumber Scenarios" data-provider="scenarios" finished-at="2022-07-23T01:27:42 EET">
          <params>
            <param index="0">
              <value>
                <![CDATA["user could search using product name"]]>
              </value>
            </param>
            <param index="1">
              <value>
                <![CDATA["Optional[Search |  User could search for any product]"]]>
              </value>
            </param>
          </params>
          <reporter-output>
          </reporter-output>
        </test-method> <!-- runScenario -->
        <test-method status="PASS" signature="runScenario(io.cucumber.testng.PickleWrapper, io.cucumber.testng.FeatureWrapper)[pri:0, instance:org.example.testRunner.runners@2ac273d3]" name="runScenario" duration-ms="23870" started-at="2022-07-23T01:27:42 EET" description="Runs Cucumber Scenarios" data-provider="scenarios" finished-at="2022-07-23T01:28:06 EET">
          <params>
            <param index="0">
              <value>
                <![CDATA["user could search for product using sku"]]>
              </value>
            </param>
            <param index="1">
              <value>
                <![CDATA["Optional[Search |  User could search for any product]"]]>
              </value>
            </param>
          </params>
          <reporter-output>
          </reporter-output>
        </test-method> <!-- runScenario -->
        <test-method status="PASS" signature="runScenario(io.cucumber.testng.PickleWrapper, io.cucumber.testng.FeatureWrapper)[pri:0, instance:org.example.testRunner.runners@2ac273d3]" name="runScenario" duration-ms="22995" started-at="2022-07-23T01:28:06 EET" description="Runs Cucumber Scenarios" data-provider="scenarios" finished-at="2022-07-23T01:28:29 EET">
          <params>
            <param index="0">
              <value>
                <![CDATA["user could search for product using sku"]]>
              </value>
            </param>
            <param index="1">
              <value>
                <![CDATA["Optional[Search |  User could search for any product]"]]>
              </value>
            </param>
          </params>
          <reporter-output>
          </reporter-output>
        </test-method> <!-- runScenario -->
        <test-method status="PASS" signature="runScenario(io.cucumber.testng.PickleWrapper, io.cucumber.testng.FeatureWrapper)[pri:0, instance:org.example.testRunner.runners@2ac273d3]" name="runScenario" duration-ms="23604" started-at="2022-07-23T01:28:29 EET" description="Runs Cucumber Scenarios" data-provider="scenarios" finished-at="2022-07-23T01:28:53 EET">
          <params>
            <param index="0">
              <value>
                <![CDATA["user could search for product using sku"]]>
              </value>
            </param>
            <param index="1">
              <value>
                <![CDATA["Optional[Search |  User could search for any product]"]]>
              </value>
            </param>
          </params>
          <reporter-output>
          </reporter-output>
        </test-method> <!-- runScenario -->
        <test-method status="FAIL" signature="runScenario(io.cucumber.testng.PickleWrapper, io.cucumber.testng.FeatureWrapper)[pri:0, instance:org.example.testRunner.runners@2ac273d3]" name="runScenario" duration-ms="12725" started-at="2022-07-23T01:28:53 EET" description="Runs Cucumber Scenarios" data-provider="scenarios" finished-at="2022-07-23T01:29:06 EET">
          <params>
            <param index="0">
              <value>
                <![CDATA["first slider is clickable on home page"]]>
              </value>
            </param>
            <param index="1">
              <value>
                <![CDATA["Optional[F06_homeSliders | check sliders is clickable on home page]"]]>
              </value>
            </param>
          </params>
          <exception class="java.lang.AssertionError">
            <message>
              <![CDATA[expected [https://demo.nopcommerce.com/nokia-lumia-1020] but found [https://demo.nopcommerce.com/]]]>
            </message>
            <full-stacktrace>
              <![CDATA[java.lang.AssertionError: expected [https://demo.nopcommerce.com/nokia-lumia-1020] but found [https://demo.nopcommerce.com/]
at org.testng.Assert.fail(Assert.java:99)
at org.testng.Assert.failNotEquals(Assert.java:1037)
at org.testng.Assert.assertEqualsImpl(Assert.java:140)
at org.testng.Assert.assertEquals(Assert.java:122)
at org.testng.Assert.assertEquals(Assert.java:629)
at org.testng.Assert.assertEquals(Assert.java:639)
at org.example.stepDefs.D06_homeSlidersStepDef.verify1stSlider(D06_homeSlidersStepDef.java:27)
at ✽.user redirect to url1 Nokia(file:///home/nada/IdeaProjects/DemoProjectAutomation2/src/main/resources/features/F06_homeSliders.feature:6)
]]>
            </full-stacktrace>
          </exception> <!-- java.lang.AssertionError -->
          <reporter-output>
          </reporter-output>
        </test-method> <!-- runScenario -->
        <test-method status="FAIL" signature="runScenario(io.cucumber.testng.PickleWrapper, io.cucumber.testng.FeatureWrapper)[pri:0, instance:org.example.testRunner.runners@2ac273d3]" name="runScenario" duration-ms="12800" started-at="2022-07-23T01:29:06 EET" description="Runs Cucumber Scenarios" data-provider="scenarios" finished-at="2022-07-23T01:29:18 EET">
          <params>
            <param index="0">
              <value>
                <![CDATA["second slider is clickable on home page"]]>
              </value>
            </param>
            <param index="1">
              <value>
                <![CDATA["Optional[F06_homeSliders | check sliders is clickable on home page]"]]>
              </value>
            </param>
          </params>
          <exception class="java.lang.AssertionError">
            <message>
              <![CDATA[expected [https://demo.nopcommerce.com/iphone-6] but found [https://demo.nopcommerce.com/]]]>
            </message>
            <full-stacktrace>
              <![CDATA[java.lang.AssertionError: expected [https://demo.nopcommerce.com/iphone-6] but found [https://demo.nopcommerce.com/]
at org.testng.Assert.fail(Assert.java:99)
at org.testng.Assert.failNotEquals(Assert.java:1037)
at org.testng.Assert.assertEqualsImpl(Assert.java:140)
at org.testng.Assert.assertEquals(Assert.java:122)
at org.testng.Assert.assertEquals(Assert.java:629)
at org.testng.Assert.assertEquals(Assert.java:639)
at org.example.stepDefs.D06_homeSlidersStepDef.verify2ndSlider(D06_homeSlidersStepDef.java:34)
at ✽.user redirect to url2 iphone(file:///home/nada/IdeaProjects/DemoProjectAutomation2/src/main/resources/features/F06_homeSliders.feature:10)
]]>
            </full-stacktrace>
          </exception> <!-- java.lang.AssertionError -->
          <reporter-output>
          </reporter-output>
        </test-method> <!-- runScenario -->
        <test-method status="PASS" signature="runScenario(io.cucumber.testng.PickleWrapper, io.cucumber.testng.FeatureWrapper)[pri:0, instance:org.example.testRunner.runners@2ac273d3]" name="runScenario" duration-ms="17269" started-at="2022-07-23T01:29:18 EET" description="Runs Cucumber Scenarios" data-provider="scenarios" finished-at="2022-07-23T01:29:36 EET">
          <params>
            <param index="0">
              <value>
                <![CDATA["user opens facebook link"]]>
              </value>
            </param>
            <param index="1">
              <value>
                <![CDATA["Optional[F07_followUs | users could open followUs links]"]]>
              </value>
            </param>
          </params>
          <reporter-output>
          </reporter-output>
        </test-method> <!-- runScenario -->
        <test-method status="PASS" signature="runScenario(io.cucumber.testng.PickleWrapper, io.cucumber.testng.FeatureWrapper)[pri:0, instance:org.example.testRunner.runners@2ac273d3]" name="runScenario" duration-ms="27239" started-at="2022-07-23T01:29:36 EET" description="Runs Cucumber Scenarios" data-provider="scenarios" finished-at="2022-07-23T01:30:03 EET">
          <params>
            <param index="0">
              <value>
                <![CDATA["user opens twitter link"]]>
              </value>
            </param>
            <param index="1">
              <value>
                <![CDATA["Optional[F07_followUs | users could open followUs links]"]]>
              </value>
            </param>
          </params>
          <reporter-output>
          </reporter-output>
        </test-method> <!-- runScenario -->
        <test-method status="FAIL" signature="runScenario(io.cucumber.testng.PickleWrapper, io.cucumber.testng.FeatureWrapper)[pri:0, instance:org.example.testRunner.runners@2ac273d3]" name="runScenario" duration-ms="17681" started-at="2022-07-23T01:30:03 EET" description="Runs Cucumber Scenarios" data-provider="scenarios" finished-at="2022-07-23T01:30:21 EET">
          <params>
            <param index="0">
              <value>
                <![CDATA["user opens rss link"]]>
              </value>
            </param>
            <param index="1">
              <value>
                <![CDATA["Optional[F07_followUs | users could open followUs links]"]]>
              </value>
            </param>
          </params>
          <exception class="java.lang.IndexOutOfBoundsException">
            <message>
              <![CDATA[Index: 1, Size: 1]]>
            </message>
            <full-stacktrace>
              <![CDATA[java.lang.IndexOutOfBoundsException: Index: 1, Size: 1
at java.util.ArrayList.rangeCheck(ArrayList.java:659)
at java.util.ArrayList.get(ArrayList.java:435)
at org.example.stepDefs.D07_followUsStepDef.isOpenedInNewTab(D07_followUsStepDef.java:78)
at ✽."https://demo.nopcommerce.com/new-online-store-is-open" is opened in new tab(file:///home/nada/IdeaProjects/DemoProjectAutomation2/src/main/resources/features/F07_followUs.feature:22)
]]>
            </full-stacktrace>
          </exception> <!-- java.lang.IndexOutOfBoundsException -->
          <reporter-output>
          </reporter-output>
        </test-method> <!-- runScenario -->
        <test-method status="PASS" signature="runScenario(io.cucumber.testng.PickleWrapper, io.cucumber.testng.FeatureWrapper)[pri:0, instance:org.example.testRunner.runners@2ac273d3]" name="runScenario" duration-ms="17239" started-at="2022-07-23T01:30:21 EET" description="Runs Cucumber Scenarios" data-provider="scenarios" finished-at="2022-07-23T01:30:38 EET">
          <params>
            <param index="0">
              <value>
                <![CDATA["user opens youtube link"]]>
              </value>
            </param>
            <param index="1">
              <value>
                <![CDATA["Optional[F07_followUs | users could open followUs links]"]]>
              </value>
            </param>
          </params>
          <reporter-output>
          </reporter-output>
        </test-method> <!-- runScenario -->
        <test-method status="PASS" signature="runScenario(io.cucumber.testng.PickleWrapper, io.cucumber.testng.FeatureWrapper)[pri:0, instance:org.example.testRunner.runners@2ac273d3]" name="runScenario" duration-ms="14389" started-at="2022-07-23T01:30:38 EET" description="Runs Cucumber Scenarios" data-provider="scenarios" finished-at="2022-07-23T01:30:52 EET">
          <params>
            <param index="0">
              <value>
                <![CDATA["verify that the user can add item to wishlist successfully"]]>
              </value>
            </param>
            <param index="1">
              <value>
                <![CDATA["Optional[F08_Wishlist | user can add item to his wishlist]"]]>
              </value>
            </param>
          </params>
          <reporter-output>
          </reporter-output>
        </test-method> <!-- runScenario -->
        <test-method status="PASS" signature="runScenario(io.cucumber.testng.PickleWrapper, io.cucumber.testng.FeatureWrapper)[pri:0, instance:org.example.testRunner.runners@2ac273d3]" name="runScenario" duration-ms="37890" started-at="2022-07-23T01:30:52 EET" description="Runs Cucumber Scenarios" data-provider="scenarios" finished-at="2022-07-23T01:31:30 EET">
          <params>
            <param index="0">
              <value>
                <![CDATA["verify that count of the wishlist responding"]]>
              </value>
            </param>
            <param index="1">
              <value>
                <![CDATA["Optional[F08_Wishlist | user can add item to his wishlist]"]]>
              </value>
            </param>
          </params>
          <reporter-output>
          </reporter-output>
        </test-method> <!-- runScenario -->
        <test-method status="PASS" signature="tearDownClass()[pri:0, instance:org.example.testRunner.runners@2ac273d3]" name="tearDownClass" is-config="true" duration-ms="156" started-at="2022-07-23T01:31:30 EET" finished-at="2022-07-23T01:31:30 EET">
          <reporter-output>
          </reporter-output>
        </test-method> <!-- tearDownClass -->
      </class> <!-- org.example.testRunner.runners -->
    </test> <!-- Surefire test -->
  </suite> <!-- Surefire suite -->
</testng-results>
